Traceback (most recent call last):
  File "C:\Users\ajay\Desktop\innovateu4\shadow-map-prototype\backend\test_import.py", line 5, in <module>
    from app.main import app
  File "C:\Users\ajay\Desktop\innovateu4\shadow-map-prototype\backend\app\main.py", line 3, in <module>
    from .api import auth
  File "C:\Users\ajay\Desktop\innovateu4\shadow-map-prototype\backend\app\api\auth.py", line 5, in <module>
    from ..core import security
  File "C:\Users\ajay\Desktop\innovateu4\shadow-map-prototype\backend\app\core\security.py", line 5, in <module>
    from .config import settings
  File "C:\Users\ajay\Desktop\innovateu4\shadow-map-prototype\backend\app\core\config.py", line 15, in <module>
    settings = Settings()
               ^^^^^^^^^^
  File "C:\Users\ajay\AppData\Local\Programs\Python\Python311\Lib\site-packages\pydantic_settings\main.py", line 71, in __init__
    super().__init__(
  File "C:\Users\ajay\AppData\Local\Programs\Python\Python311\Lib\site-packages\pydantic\main.py", line 164, in __init__
    __pydantic_self__.__pydantic_validator__.validate_python(data, self_instance=__pydantic_self__)
pydantic_core._pydantic_core.ValidationError: 1 validation error for Settings
gemini_api_key
  Extra inputs are not permitted [type=extra_forbidden, input_value='AIzaSyBGr4KQJ0awjRQshPb7dbrULbseR5dxJ-Y', input_type=str]
    For further information visit https://errors.pydantic.dev/2.5/v/extra_forbidden
